{"C:\\Users\\pette\\WebstormProjects\\R11\\server.js": {"path":"C:\\Users\\pette\\WebstormProjects\\R11\\server.js","statementMap":{"0":{"start":{"line":1,"column":16},"end":{"line":1,"column":34}},"1":{"start":{"line":2,"column":15},"end":{"line":2,"column":32}},"2":{"start":{"line":3,"column":0},"end":{"line":3,"column":30}},"3":{"start":{"line":4,"column":13},"end":{"line":4,"column":29}},"4":{"start":{"line":5,"column":12},"end":{"line":5,"column":21}},"5":{"start":{"line":6,"column":13},"end":{"line":6,"column":28}},"6":{"start":{"line":7,"column":0},"end":{"line":7,"column":16}},"7":{"start":{"line":10,"column":0},"end":{"line":10,"column":24}},"8":{"start":{"line":11,"column":0},"end":{"line":11,"column":47}},"9":{"start":{"line":13,"column":19},"end":{"line":13,"column":43}},"10":{"start":{"line":14,"column":0},"end":{"line":14,"column":29}},"11":{"start":{"line":16,"column":26},"end":{"line":16,"column":57}},"12":{"start":{"line":17,"column":0},"end":{"line":17,"column":43}},"13":{"start":{"line":19,"column":22},"end":{"line":19,"column":49}},"14":{"start":{"line":20,"column":0},"end":{"line":20,"column":35}},"15":{"start":{"line":22,"column":21},"end":{"line":22,"column":47}},"16":{"start":{"line":23,"column":0},"end":{"line":23,"column":33}},"17":{"start":{"line":25,"column":23},"end":{"line":25,"column":51}},"18":{"start":{"line":26,"column":0},"end":{"line":26,"column":37}},"19":{"start":{"line":28,"column":26},"end":{"line":28,"column":57}},"20":{"start":{"line":29,"column":15},"end":{"line":29,"column":32}},"21":{"start":{"line":30,"column":13},"end":{"line":30,"column":42}},"22":{"start":{"line":31,"column":0},"end":{"line":31,"column":43}},"23":{"start":{"line":34,"column":0},"end":{"line":36,"column":3}},"24":{"start":{"line":35,"column":2},"end":{"line":35,"column":40}},"25":{"start":{"line":38,"column":0},"end":{"line":38,"column":20}}},"fnMap":{"0":{"name":"(anonymous_0)","decl":{"start":{"line":34,"column":17},"end":{"line":34,"column":18}},"loc":{"start":{"line":34,"column":23},"end":{"line":36,"column":1}},"line":34}},"branchMap":{},"s":{"0":1,"1":1,"2":1,"3":1,"4":1,"5":1,"6":1,"7":1,"8":1,"9":1,"10":1,"11":1,"12":1,"13":1,"14":1,"15":1,"16":1,"17":1,"18":1,"19":1,"20":1,"21":1,"22":1,"23":1,"24":1,"25":1},"f":{"0":1},"b":{},"_coverageSchema":"1a1c01bbd47fc00a2c39e90264f33305004495a9","hash":"596a1cb7bc24a8eb5e055fe9efa899f3fb39f04c"}
,"C:\\Users\\pette\\WebstormProjects\\R11\\helpers\\database.js": {"path":"C:\\Users\\pette\\WebstormProjects\\R11\\helpers\\database.js","statementMap":{"0":{"start":{"line":1,"column":16},"end":{"line":1,"column":34}},"1":{"start":{"line":3,"column":13},"end":{"line":8,"column":2}},"2":{"start":{"line":11,"column":0},"end":{"line":26,"column":3}},"3":{"start":{"line":12,"column":2},"end":{"line":22,"column":3}},"4":{"start":{"line":13,"column":4},"end":{"line":15,"column":5}},"5":{"start":{"line":14,"column":6},"end":{"line":14,"column":48}},"6":{"start":{"line":16,"column":4},"end":{"line":18,"column":5}},"7":{"start":{"line":17,"column":6},"end":{"line":17,"column":56}},"8":{"start":{"line":19,"column":4},"end":{"line":21,"column":5}},"9":{"start":{"line":20,"column":6},"end":{"line":20,"column":55}},"10":{"start":{"line":23,"column":2},"end":{"line":23,"column":39}},"11":{"start":{"line":23,"column":18},"end":{"line":23,"column":39}},"12":{"start":{"line":25,"column":2},"end":{"line":25,"column":9}},"13":{"start":{"line":28,"column":0},"end":{"line":28,"column":22}}},"fnMap":{"0":{"name":"(anonymous_0)","decl":{"start":{"line":11,"column":19},"end":{"line":11,"column":20}},"loc":{"start":{"line":11,"column":40},"end":{"line":26,"column":1}},"line":11}},"branchMap":{"0":{"loc":{"start":{"line":12,"column":2},"end":{"line":22,"column":3}},"type":"if","locations":[{"start":{"line":12,"column":2},"end":{"line":22,"column":3}},{"start":{},"end":{}}],"line":12},"1":{"loc":{"start":{"line":13,"column":4},"end":{"line":15,"column":5}},"type":"if","locations":[{"start":{"line":13,"column":4},"end":{"line":15,"column":5}},{"start":{},"end":{}}],"line":13},"2":{"loc":{"start":{"line":16,"column":4},"end":{"line":18,"column":5}},"type":"if","locations":[{"start":{"line":16,"column":4},"end":{"line":18,"column":5}},{"start":{},"end":{}}],"line":16},"3":{"loc":{"start":{"line":19,"column":4},"end":{"line":21,"column":5}},"type":"if","locations":[{"start":{"line":19,"column":4},"end":{"line":21,"column":5}},{"start":{},"end":{}}],"line":19},"4":{"loc":{"start":{"line":23,"column":2},"end":{"line":23,"column":39}},"type":"if","locations":[{"start":{"line":23,"column":2},"end":{"line":23,"column":39}},{"start":{},"end":{}}],"line":23}},"s":{"0":1,"1":1,"2":1,"3":0,"4":0,"5":0,"6":0,"7":0,"8":0,"9":0,"10":0,"11":0,"12":0,"13":1},"f":{"0":0},"b":{"0":[0,0],"1":[0,0],"2":[0,0],"3":[0,0],"4":[0,0]},"_coverageSchema":"1a1c01bbd47fc00a2c39e90264f33305004495a9","hash":"3356e8674fc72e1d3afb05ddebbcbbbbd98c53ad"}
,"C:\\Users\\pette\\WebstormProjects\\R11\\routes\\account.js": {"path":"C:\\Users\\pette\\WebstormProjects\\R11\\routes\\account.js","statementMap":{"0":{"start":{"line":1,"column":16},"end":{"line":1,"column":34}},"1":{"start":{"line":2,"column":15},"end":{"line":2,"column":31}},"2":{"start":{"line":3,"column":13},"end":{"line":3,"column":43}},"3":{"start":{"line":6,"column":15},"end":{"line":6,"column":32}},"4":{"start":{"line":11,"column":0},"end":{"line":31,"column":3}},"5":{"start":{"line":12,"column":2},"end":{"line":30,"column":3}},"6":{"start":{"line":13,"column":21},"end":{"line":13,"column":124}},"7":{"start":{"line":14,"column":22},"end":{"line":14,"column":141}},"8":{"start":{"line":16,"column":17},"end":{"line":16,"column":59}},"9":{"start":{"line":17,"column":18},"end":{"line":17,"column":59}},"10":{"start":{"line":19,"column":19},"end":{"line":19,"column":42}},"11":{"start":{"line":20,"column":19},"end":{"line":20,"column":40}},"12":{"start":{"line":22,"column":19},"end":{"line":25,"column":5}},"13":{"start":{"line":26,"column":4},"end":{"line":26,"column":33}},"14":{"start":{"line":29,"column":4},"end":{"line":29,"column":40}},"15":{"start":{"line":36,"column":0},"end":{"line":49,"column":3}},"16":{"start":{"line":37,"column":2},"end":{"line":48,"column":3}},"17":{"start":{"line":38,"column":21},"end":{"line":38,"column":104}},"18":{"start":{"line":39,"column":17},"end":{"line":39,"column":58}},"19":{"start":{"line":42,"column":4},"end":{"line":44,"column":5}},"20":{"start":{"line":42,"column":17},"end":{"line":42,"column":18}},"21":{"start":{"line":43,"column":6},"end":{"line":43,"column":77}},"22":{"start":{"line":45,"column":4},"end":{"line":45,"column":31}},"23":{"start":{"line":47,"column":4},"end":{"line":47,"column":40}},"24":{"start":{"line":54,"column":0},"end":{"line":66,"column":3}},"25":{"start":{"line":55,"column":2},"end":{"line":65,"column":3}},"26":{"start":{"line":56,"column":69},"end":{"line":56,"column":77}},"27":{"start":{"line":57,"column":21},"end":{"line":57,"column":122}},"28":{"start":{"line":59,"column":17},"end":{"line":60,"column":65}},"29":{"start":{"line":61,"column":4},"end":{"line":61,"column":64}},"30":{"start":{"line":64,"column":4},"end":{"line":64,"column":40}},"31":{"start":{"line":68,"column":0},"end":{"line":68,"column":24}}},"fnMap":{"0":{"name":"(anonymous_0)","decl":{"start":{"line":11,"column":31},"end":{"line":11,"column":32}},"loc":{"start":{"line":11,"column":51},"end":{"line":31,"column":1}},"line":11},"1":{"name":"(anonymous_1)","decl":{"start":{"line":36,"column":19},"end":{"line":36,"column":20}},"loc":{"start":{"line":36,"column":39},"end":{"line":49,"column":1}},"line":36},"2":{"name":"(anonymous_2)","decl":{"start":{"line":54,"column":28},"end":{"line":54,"column":29}},"loc":{"start":{"line":54,"column":48},"end":{"line":66,"column":1}},"line":54}},"branchMap":{},"s":{"0":1,"1":1,"2":1,"3":1,"4":1,"5":0,"6":0,"7":0,"8":0,"9":0,"10":0,"11":0,"12":0,"13":0,"14":0,"15":1,"16":0,"17":0,"18":0,"19":0,"20":0,"21":0,"22":0,"23":0,"24":1,"25":0,"26":0,"27":0,"28":0,"29":0,"30":0,"31":1},"f":{"0":0,"1":0,"2":0},"b":{},"_coverageSchema":"1a1c01bbd47fc00a2c39e90264f33305004495a9","hash":"d0682cf08cf1b2bbdfd7bf32570459dbc3fa5d73"}
,"C:\\Users\\pette\\WebstormProjects\\R11\\routes\\budget.js": {"path":"C:\\Users\\pette\\WebstormProjects\\R11\\routes\\budget.js","statementMap":{"0":{"start":{"line":1,"column":16},"end":{"line":1,"column":34}},"1":{"start":{"line":2,"column":15},"end":{"line":2,"column":31}},"2":{"start":{"line":3,"column":13},"end":{"line":3,"column":43}},"3":{"start":{"line":6,"column":15},"end":{"line":6,"column":32}},"4":{"start":{"line":11,"column":0},"end":{"line":29,"column":3}},"5":{"start":{"line":12,"column":2},"end":{"line":28,"column":3}},"6":{"start":{"line":13,"column":21},"end":{"line":16,"column":27}},"7":{"start":{"line":18,"column":17},"end":{"line":18,"column":58}},"8":{"start":{"line":21,"column":4},"end":{"line":23,"column":5}},"9":{"start":{"line":21,"column":17},"end":{"line":21,"column":18}},"10":{"start":{"line":22,"column":6},"end":{"line":22,"column":75}},"11":{"start":{"line":25,"column":4},"end":{"line":25,"column":31}},"12":{"start":{"line":27,"column":4},"end":{"line":27,"column":40}},"13":{"start":{"line":34,"column":0},"end":{"line":74,"column":3}},"14":{"start":{"line":35,"column":2},"end":{"line":73,"column":3}},"15":{"start":{"line":44,"column":8},"end":{"line":44,"column":16}},"16":{"start":{"line":45,"column":21},"end":{"line":45,"column":108}},"17":{"start":{"line":47,"column":17},"end":{"line":48,"column":55}},"18":{"start":{"line":50,"column":4},"end":{"line":70,"column":5}},"19":{"start":{"line":51,"column":23},"end":{"line":51,"column":47}},"20":{"start":{"line":53,"column":24},"end":{"line":53,"column":145}},"21":{"start":{"line":54,"column":6},"end":{"line":54,"column":72}},"22":{"start":{"line":56,"column":6},"end":{"line":69,"column":7}},"23":{"start":{"line":58,"column":34},"end":{"line":60,"column":65}},"24":{"start":{"line":61,"column":8},"end":{"line":61,"column":44}},"25":{"start":{"line":63,"column":32},"end":{"line":65,"column":63}},"26":{"start":{"line":66,"column":8},"end":{"line":66,"column":42}},"27":{"start":{"line":68,"column":8},"end":{"line":68,"column":34}},"28":{"start":{"line":72,"column":4},"end":{"line":72,"column":40}},"29":{"start":{"line":76,"column":0},"end":{"line":76,"column":24}}},"fnMap":{"0":{"name":"(anonymous_0)","decl":{"start":{"line":11,"column":19},"end":{"line":11,"column":20}},"loc":{"start":{"line":11,"column":39},"end":{"line":29,"column":1}},"line":11},"1":{"name":"(anonymous_1)","decl":{"start":{"line":34,"column":27},"end":{"line":34,"column":28}},"loc":{"start":{"line":34,"column":47},"end":{"line":74,"column":1}},"line":34}},"branchMap":{"0":{"loc":{"start":{"line":50,"column":4},"end":{"line":70,"column":5}},"type":"if","locations":[{"start":{"line":50,"column":4},"end":{"line":70,"column":5}},{"start":{},"end":{}}],"line":50},"1":{"loc":{"start":{"line":56,"column":6},"end":{"line":69,"column":7}},"type":"if","locations":[{"start":{"line":56,"column":6},"end":{"line":69,"column":7}},{"start":{},"end":{}}],"line":56}},"s":{"0":1,"1":1,"2":1,"3":1,"4":1,"5":0,"6":0,"7":0,"8":0,"9":0,"10":0,"11":0,"12":0,"13":1,"14":0,"15":0,"16":0,"17":0,"18":0,"19":0,"20":0,"21":0,"22":0,"23":0,"24":0,"25":0,"26":0,"27":0,"28":0,"29":1},"f":{"0":0,"1":0},"b":{"0":[0,0],"1":[0,0]},"_coverageSchema":"1a1c01bbd47fc00a2c39e90264f33305004495a9","hash":"c09a0befc7732d7b2b728093ecec38871cfcd798"}
,"C:\\Users\\pette\\WebstormProjects\\R11\\routes\\category.js": {"path":"C:\\Users\\pette\\WebstormProjects\\R11\\routes\\category.js","statementMap":{"0":{"start":{"line":1,"column":16},"end":{"line":1,"column":34}},"1":{"start":{"line":2,"column":15},"end":{"line":2,"column":31}},"2":{"start":{"line":3,"column":13},"end":{"line":3,"column":43}},"3":{"start":{"line":8,"column":0},"end":{"line":16,"column":3}},"4":{"start":{"line":9,"column":2},"end":{"line":15,"column":3}},"5":{"start":{"line":10,"column":21},"end":{"line":10,"column":71}},"6":{"start":{"line":11,"column":17},"end":{"line":11,"column":58}},"7":{"start":{"line":12,"column":4},"end":{"line":12,"column":31}},"8":{"start":{"line":14,"column":4},"end":{"line":14,"column":40}},"9":{"start":{"line":21,"column":0},"end":{"line":32,"column":3}},"10":{"start":{"line":22,"column":2},"end":{"line":31,"column":3}},"11":{"start":{"line":23,"column":35},"end":{"line":23,"column":43}},"12":{"start":{"line":24,"column":21},"end":{"line":24,"column":80}},"13":{"start":{"line":26,"column":17},"end":{"line":26,"column":67}},"14":{"start":{"line":27,"column":4},"end":{"line":27,"column":65}},"15":{"start":{"line":30,"column":4},"end":{"line":30,"column":40}},"16":{"start":{"line":34,"column":0},"end":{"line":34,"column":24}}},"fnMap":{"0":{"name":"(anonymous_0)","decl":{"start":{"line":8,"column":19},"end":{"line":8,"column":20}},"loc":{"start":{"line":8,"column":39},"end":{"line":16,"column":1}},"line":8},"1":{"name":"(anonymous_1)","decl":{"start":{"line":21,"column":29},"end":{"line":21,"column":30}},"loc":{"start":{"line":21,"column":49},"end":{"line":32,"column":1}},"line":21}},"branchMap":{},"s":{"0":1,"1":1,"2":1,"3":1,"4":0,"5":0,"6":0,"7":0,"8":0,"9":1,"10":0,"11":0,"12":0,"13":0,"14":0,"15":0,"16":1},"f":{"0":0,"1":0},"b":{},"_coverageSchema":"1a1c01bbd47fc00a2c39e90264f33305004495a9","hash":"9d0f01466259fb753cb20e907d8777a81d71c947"}
,"C:\\Users\\pette\\WebstormProjects\\R11\\routes\\subcategory.js": {"path":"C:\\Users\\pette\\WebstormProjects\\R11\\routes\\subcategory.js","statementMap":{"0":{"start":{"line":1,"column":16},"end":{"line":1,"column":34}},"1":{"start":{"line":2,"column":15},"end":{"line":2,"column":31}},"2":{"start":{"line":3,"column":13},"end":{"line":3,"column":43}},"3":{"start":{"line":8,"column":0},"end":{"line":16,"column":3}},"4":{"start":{"line":9,"column":2},"end":{"line":15,"column":3}},"5":{"start":{"line":10,"column":21},"end":{"line":10,"column":86}},"6":{"start":{"line":11,"column":17},"end":{"line":11,"column":58}},"7":{"start":{"line":12,"column":4},"end":{"line":12,"column":31}},"8":{"start":{"line":14,"column":4},"end":{"line":14,"column":40}},"9":{"start":{"line":21,"column":0},"end":{"line":33,"column":3}},"10":{"start":{"line":22,"column":2},"end":{"line":32,"column":3}},"11":{"start":{"line":23,"column":59},"end":{"line":23,"column":67}},"12":{"start":{"line":24,"column":21},"end":{"line":24,"column":113}},"13":{"start":{"line":26,"column":17},"end":{"line":27,"column":55}},"14":{"start":{"line":28,"column":4},"end":{"line":28,"column":68}},"15":{"start":{"line":31,"column":4},"end":{"line":31,"column":40}},"16":{"start":{"line":35,"column":0},"end":{"line":35,"column":24}}},"fnMap":{"0":{"name":"(anonymous_0)","decl":{"start":{"line":8,"column":19},"end":{"line":8,"column":20}},"loc":{"start":{"line":8,"column":39},"end":{"line":16,"column":1}},"line":8},"1":{"name":"(anonymous_1)","decl":{"start":{"line":21,"column":32},"end":{"line":21,"column":33}},"loc":{"start":{"line":21,"column":52},"end":{"line":33,"column":1}},"line":21}},"branchMap":{},"s":{"0":1,"1":1,"2":1,"3":1,"4":0,"5":0,"6":0,"7":0,"8":0,"9":1,"10":0,"11":0,"12":0,"13":0,"14":0,"15":0,"16":1},"f":{"0":0,"1":0},"b":{},"_coverageSchema":"1a1c01bbd47fc00a2c39e90264f33305004495a9","hash":"a8be449c3b800acdb3bcdbae6ca388ae0c98bbdd"}
,"C:\\Users\\pette\\WebstormProjects\\R11\\routes\\transaction.js": {"path":"C:\\Users\\pette\\WebstormProjects\\R11\\routes\\transaction.js","statementMap":{"0":{"start":{"line":1,"column":16},"end":{"line":1,"column":34}},"1":{"start":{"line":2,"column":15},"end":{"line":2,"column":31}},"2":{"start":{"line":3,"column":13},"end":{"line":3,"column":43}},"3":{"start":{"line":8,"column":0},"end":{"line":22,"column":3}},"4":{"start":{"line":9,"column":2},"end":{"line":21,"column":3}},"5":{"start":{"line":10,"column":21},"end":{"line":15,"column":20}},"6":{"start":{"line":17,"column":17},"end":{"line":17,"column":58}},"7":{"start":{"line":18,"column":4},"end":{"line":18,"column":31}},"8":{"start":{"line":20,"column":4},"end":{"line":20,"column":40}},"9":{"start":{"line":27,"column":0},"end":{"line":83,"column":3}},"10":{"start":{"line":28,"column":2},"end":{"line":82,"column":3}},"11":{"start":{"line":39,"column":8},"end":{"line":39,"column":16}},"12":{"start":{"line":40,"column":21},"end":{"line":43,"column":86}},"13":{"start":{"line":45,"column":17},"end":{"line":48,"column":78}},"14":{"start":{"line":50,"column":4},"end":{"line":79,"column":5}},"15":{"start":{"line":53,"column":6},"end":{"line":76,"column":7}},"16":{"start":{"line":54,"column":41},"end":{"line":56,"column":61}},"17":{"start":{"line":57,"column":8},"end":{"line":57,"column":51}},"18":{"start":{"line":59,"column":37},"end":{"line":61,"column":49}},"19":{"start":{"line":62,"column":8},"end":{"line":62,"column":47}},"20":{"start":{"line":67,"column":41},"end":{"line":69,"column":61}},"21":{"start":{"line":70,"column":8},"end":{"line":70,"column":51}},"22":{"start":{"line":72,"column":37},"end":{"line":74,"column":49}},"23":{"start":{"line":75,"column":8},"end":{"line":75,"column":47}},"24":{"start":{"line":78,"column":6},"end":{"line":78,"column":70}},"25":{"start":{"line":81,"column":4},"end":{"line":81,"column":40}},"26":{"start":{"line":85,"column":0},"end":{"line":85,"column":24}}},"fnMap":{"0":{"name":"(anonymous_0)","decl":{"start":{"line":8,"column":19},"end":{"line":8,"column":20}},"loc":{"start":{"line":8,"column":39},"end":{"line":22,"column":1}},"line":8},"1":{"name":"(anonymous_1)","decl":{"start":{"line":27,"column":32},"end":{"line":27,"column":33}},"loc":{"start":{"line":27,"column":52},"end":{"line":83,"column":1}},"line":27}},"branchMap":{"0":{"loc":{"start":{"line":50,"column":4},"end":{"line":79,"column":5}},"type":"if","locations":[{"start":{"line":50,"column":4},"end":{"line":79,"column":5}},{"start":{},"end":{}}],"line":50},"1":{"loc":{"start":{"line":53,"column":6},"end":{"line":76,"column":7}},"type":"if","locations":[{"start":{"line":53,"column":6},"end":{"line":76,"column":7}},{"start":{"line":66,"column":11},"end":{"line":76,"column":7}}],"line":53}},"s":{"0":1,"1":1,"2":1,"3":1,"4":0,"5":0,"6":0,"7":0,"8":0,"9":1,"10":0,"11":0,"12":0,"13":0,"14":0,"15":0,"16":0,"17":0,"18":0,"19":0,"20":0,"21":0,"22":0,"23":0,"24":0,"25":0,"26":1},"f":{"0":0,"1":0},"b":{"0":[0,0],"1":[0,0]},"_coverageSchema":"1a1c01bbd47fc00a2c39e90264f33305004495a9","hash":"bd08e9dd42b12f2252fb74070500c924f87ae78d"}
,"C:\\Users\\pette\\WebstormProjects\\R11\\routes\\user.js": {"path":"C:\\Users\\pette\\WebstormProjects\\R11\\routes\\user.js","statementMap":{"0":{"start":{"line":1,"column":16},"end":{"line":1,"column":34}},"1":{"start":{"line":2,"column":15},"end":{"line":2,"column":31}},"2":{"start":{"line":3,"column":13},"end":{"line":3,"column":43}},"3":{"start":{"line":4,"column":15},"end":{"line":4,"column":32}},"4":{"start":{"line":5,"column":19},"end":{"line":5,"column":21}},"5":{"start":{"line":10,"column":0},"end":{"line":18,"column":3}},"6":{"start":{"line":11,"column":2},"end":{"line":17,"column":3}},"7":{"start":{"line":12,"column":21},"end":{"line":12,"column":78}},"8":{"start":{"line":13,"column":17},"end":{"line":13,"column":58}},"9":{"start":{"line":14,"column":4},"end":{"line":14,"column":31}},"10":{"start":{"line":16,"column":4},"end":{"line":16,"column":40}},"11":{"start":{"line":23,"column":0},"end":{"line":52,"column":3}},"12":{"start":{"line":24,"column":2},"end":{"line":51,"column":3}},"13":{"start":{"line":25,"column":40},"end":{"line":25,"column":48}},"14":{"start":{"line":26,"column":30},"end":{"line":26,"column":69}},"15":{"start":{"line":28,"column":25},"end":{"line":28,"column":69}},"16":{"start":{"line":29,"column":23},"end":{"line":29,"column":63}},"17":{"start":{"line":31,"column":4},"end":{"line":47,"column":5}},"18":{"start":{"line":32,"column":25},"end":{"line":32,"column":92}},"19":{"start":{"line":33,"column":31},"end":{"line":33,"column":97}},"20":{"start":{"line":34,"column":29},"end":{"line":34,"column":54}},"21":{"start":{"line":36,"column":29},"end":{"line":36,"column":114}},"22":{"start":{"line":37,"column":35},"end":{"line":37,"column":67}},"23":{"start":{"line":38,"column":33},"end":{"line":38,"column":73}},"24":{"start":{"line":40,"column":32},"end":{"line":40,"column":175}},"25":{"start":{"line":41,"column":6},"end":{"line":41,"column":42}},"26":{"start":{"line":44,"column":6},"end":{"line":44,"column":64}},"27":{"start":{"line":46,"column":6},"end":{"line":46,"column":48}},"28":{"start":{"line":50,"column":4},"end":{"line":50,"column":40}},"29":{"start":{"line":57,"column":0},"end":{"line":77,"column":3}},"30":{"start":{"line":58,"column":2},"end":{"line":76,"column":3}},"31":{"start":{"line":59,"column":33},"end":{"line":59,"column":41}},"32":{"start":{"line":61,"column":23},"end":{"line":61,"column":79}},"33":{"start":{"line":62,"column":17},"end":{"line":62,"column":55}},"34":{"start":{"line":64,"column":20},"end":{"line":64,"column":72}},"35":{"start":{"line":66,"column":4},"end":{"line":72,"column":5}},"36":{"start":{"line":67,"column":25},"end":{"line":67,"column":67}},"37":{"start":{"line":68,"column":21},"end":{"line":68,"column":59}},"38":{"start":{"line":69,"column":6},"end":{"line":69,"column":45}},"39":{"start":{"line":70,"column":11},"end":{"line":72,"column":5}},"40":{"start":{"line":71,"column":6},"end":{"line":71,"column":45}},"41":{"start":{"line":75,"column":4},"end":{"line":75,"column":40}},"42":{"start":{"line":79,"column":0},"end":{"line":79,"column":24}}},"fnMap":{"0":{"name":"(anonymous_0)","decl":{"start":{"line":10,"column":19},"end":{"line":10,"column":20}},"loc":{"start":{"line":10,"column":39},"end":{"line":18,"column":1}},"line":10},"1":{"name":"(anonymous_1)","decl":{"start":{"line":23,"column":25},"end":{"line":23,"column":26}},"loc":{"start":{"line":23,"column":45},"end":{"line":52,"column":1}},"line":23},"2":{"name":"(anonymous_2)","decl":{"start":{"line":57,"column":22},"end":{"line":57,"column":23}},"loc":{"start":{"line":57,"column":42},"end":{"line":77,"column":1}},"line":57}},"branchMap":{"0":{"loc":{"start":{"line":31,"column":4},"end":{"line":47,"column":5}},"type":"if","locations":[{"start":{"line":31,"column":4},"end":{"line":47,"column":5}},{"start":{"line":45,"column":11},"end":{"line":47,"column":5}}],"line":31},"1":{"loc":{"start":{"line":66,"column":4},"end":{"line":72,"column":5}},"type":"if","locations":[{"start":{"line":66,"column":4},"end":{"line":72,"column":5}},{"start":{"line":70,"column":11},"end":{"line":72,"column":5}}],"line":66},"2":{"loc":{"start":{"line":70,"column":11},"end":{"line":72,"column":5}},"type":"if","locations":[{"start":{"line":70,"column":11},"end":{"line":72,"column":5}},{"start":{},"end":{}}],"line":70}},"s":{"0":1,"1":1,"2":1,"3":1,"4":1,"5":1,"6":0,"7":0,"8":0,"9":0,"10":0,"11":1,"12":0,"13":0,"14":0,"15":0,"16":0,"17":0,"18":0,"19":0,"20":0,"21":0,"22":0,"23":0,"24":0,"25":0,"26":0,"27":0,"28":0,"29":1,"30":0,"31":0,"32":0,"33":0,"34":0,"35":0,"36":0,"37":0,"38":0,"39":0,"40":0,"41":0,"42":1},"f":{"0":0,"1":0,"2":0},"b":{"0":[0,0],"1":[0,0],"2":[0,0]},"_coverageSchema":"1a1c01bbd47fc00a2c39e90264f33305004495a9","hash":"e83f383535a83445b716a5dcfba0ee8a0d987a4e"}
}
